0 verbose cli C:\Program Files\nodejs\node.exe C:\Program Files\nodejs\node_modules\npm\bin\npm-cli.js
1 info using npm@11.9.0
2 info using node@v24.14.0
3 silly config load:file:C:\Program Files\nodejs\node_modules\npm\npmrc
4 silly config load:file:D:\OneDrive\Dokumen\GitHub\redlineacademy.github.io\.npmrc
5 silly config load:file:C:\Users\Yoyo\.npmrc
6 silly config load:file:C:\Users\Yoyo\AppData\Roaming\npm\etc\npmrc
7 verbose title npm exec skills add supabase/agent-skills -y
8 verbose argv "exec" "--" "skills" "add" "supabase/agent-skills" "-y"
9 verbose logfile logs-max:10 dir:D:\OneDrive\Dokumen\GitHub\redlineacademy.github.io\.npm-cache\_logs\2026-03-18T07_16_55_918Z-
10 verbose logfile D:\OneDrive\Dokumen\GitHub\redlineacademy.github.io\.npm-cache\_logs\2026-03-18T07_16_55_918Z-debug-0.log
11 silly logfile done cleaning log files
12 silly packumentCache heap:2348810240 maxSize:587202560 maxEntrySize:293601280
13 http fetch GET 200 https://registry.npmjs.org/skills 1793ms (cache revalidated)
14 silly packumentCache heap:2348810240 maxSize:587202560 maxEntrySize:293601280
15 silly packumentCache heap:2348810240 maxSize:587202560 maxEntrySize:293601280
16 verbose cwd D:\OneDrive\Dokumen\GitHub\redlineacademy.github.io
17 verbose os Windows_NT 10.0.26200
18 verbose node v24.14.0
19 verbose npm  v11.9.0
20 verbose exit 1
21 verbose code 1
