0 verbose cli C:\Program Files\nodejs\node.exe C:\Program Files\nodejs\node_modules\npm\bin\npm-cli.js
1 info using npm@11.9.0
2 info using node@v24.14.0
3 silly config load:file:C:\Program Files\nodejs\node_modules\npm\npmrc
4 silly config load:file:D:\OneDrive\Dokumen\GitHub\redlineacademy.github.io\.npmrc
5 silly config load:file:C:\Users\Yoyo\.npmrc
6 silly config load:file:C:\Users\Yoyo\AppData\Roaming\npm\etc\npmrc
7 verbose title npm exec skills add supabase/agent-skills
8 verbose argv "exec" "--" "skills" "add" "supabase/agent-skills"
9 verbose logfile logs-max:10 dir:D:\OneDrive\Dokumen\GitHub\redlineacademy.github.io\.npm-cache\_logs\2026-03-18T07_05_52_562Z-
10 verbose logfile D:\OneDrive\Dokumen\GitHub\redlineacademy.github.io\.npm-cache\_logs\2026-03-18T07_05_52_562Z-debug-0.log
11 silly logfile done cleaning log files
12 http fetch GET 200 https://registry.npmjs.org/npm 1678ms
13 silly packumentCache heap:2348810240 maxSize:587202560 maxEntrySize:293601280
14 http fetch GET 200 https://registry.npmjs.org/skills 168ms (cache miss)
15 silly packumentCache heap:2348810240 maxSize:587202560 maxEntrySize:293601280
16 silly packumentCache heap:2348810240 maxSize:587202560 maxEntrySize:293601280
17 warn exec The following package was not found and will be installed: skills@1.4.5
18 silly idealTree buildDeps
19 silly fetch manifest skills@1.4.5
20 silly packumentCache full:https://registry.npmjs.org/skills cache-miss
21 http fetch GET 200 https://registry.npmjs.org/skills 844ms (cache miss)
22 silly packumentCache full:https://registry.npmjs.org/skills set size:undefined disposed:false
23 silly placeDep ROOT skills@1.4.5 OK for:  want: 1.4.5
24 silly reify moves {}
25 silly audit bulk request { skills: [ '1.4.5' ] }
26 http cache skills@https://registry.npmjs.org/skills/-/skills-1.4.5.tgz 0ms (cache hit)
27 silly tarball no local data for skills@https://registry.npmjs.org/skills/-/skills-1.4.5.tgz. Extracting by manifest.
28 http fetch POST 200 https://registry.npmjs.org/-/npm/v1/security/advisories/bulk 418ms
29 silly audit report {}
30 http fetch GET 200 https://registry.npmjs.org/skills/-/skills-1.4.5.tgz 1109ms (cache miss)
31 verbose cwd D:\OneDrive\Dokumen\GitHub\redlineacademy.github.io
32 verbose os Windows_NT 10.0.26200
33 verbose node v24.14.0
34 verbose npm  v11.9.0
35 notice
35 notice New minor version of npm available! 11.9.0 -> 11.11.1
35 notice Changelog: https://github.com/npm/cli/releases/tag/v11.11.1
35 notice To update run: npm install -g npm@11.11.1
35 notice  { force: true, Symbol(proc-log.meta): true }
36 verbose exit 1
37 verbose code 1
